This file contains any messages produced by compilers while
running configure, to aid debugging if configure makes a mistake.

It was created by tk configure 8.5, which was
generated by GNU Autoconf 2.59.  Invocation command line was

  $ ./configure --x-includes=/opt/X11/include --x-libraries=/opt/X11/lib --disable-shared --disable-xft --disable-xss --prefix=/Users/stepa-kos/Desktop/practice/ns-2/ns-allinone-2.36.rc2

## --------- ##
## Platform. ##
## --------- ##

hostname = i105861073
uname -m = x86_64
uname -r = 21.6.0
uname -s = Darwin
uname -v = Darwin Kernel Version 21.6.0: Sat Jun 18 17:07:25 PDT 2022; root:xnu-8020.140.41~1/RELEASE_X86_64

/usr/bin/uname -p = i386
/bin/uname -X     = unknown

/bin/arch              = unknown
/usr/bin/arch -k       = unknown
/usr/convex/getsysinfo = unknown
hostinfo               = Mach kernel version:
	 Darwin Kernel Version 21.6.0: Sat Jun 18 17:07:25 PDT 2022; root:xnu-8020.140.41~1/RELEASE_X86_64
Kernel configured for up to 12 processors.
6 processors are physically available.
12 processors are logically available.
Processor type: x86_64h (Intel x86-64h Haswell)
Processors active: 0 1 2 3 4 5 6 7 8 9 10 11
Primary memory available: 32.00 gigabytes
Default processor set: 638 tasks, 3350 threads, 12 processors
Load average: 4.42, Mach factor: 7.57
/bin/machine           = unknown
/usr/bin/oslevel       = unknown
/bin/universe          = unknown

PATH: /Users/stepa-kos/Desktop/practice/ns-2/ns-allinone-2.36.rc2/bin
PATH: /usr/local/opt/qt5/bin
PATH: /usr/local/opt/ansible@6/bin
PATH: /usr/local/sbin
PATH: /Users/stepa-kos/.nvm/versions/node/v18.12.0/bin
PATH: /usr/local/bin
PATH: /usr/bin
PATH: /bin
PATH: /usr/sbin
PATH: /sbin
PATH: /Library/TeX/texbin
PATH: /usr/local/munki
PATH: /opt/X11/bin
PATH: /Library/Apple/usr/bin
PATH: /Library/Frameworks/Mono.framework/Versions/Current/Commands
PATH: /Users/stepa-kos/Desktop/practice/ns-3/ns-allinone-3.27/bake
PATH: /Users/stepa-kos/Desktop/practice/ns-3/ns-allinone-3.27/bake/build/bin


## ----------- ##
## Core tests. ##
## ----------- ##

configure:1365: checking for Tcl configuration
configure:1469: result: found /Users/stepa-kos/Desktop/practice/ns-2/ns-allinone-2.36.rc2/tcl8.5.17/unix/tclConfig.sh
configure:1475: checking for existence of /Users/stepa-kos/Desktop/practice/ns-2/ns-allinone-2.36.rc2/tcl8.5.17/unix/tclConfig.sh
configure:1479: result: loading
configure:1555: checking for tclsh
configure:1579: result: /Users/stepa-kos/Desktop/practice/ns-2/ns-allinone-2.36.rc2/bin/tclsh8.5
configure:1590: checking for tclsh in Tcl build directory
configure:1593: result: /Users/stepa-kos/Desktop/practice/ns-2/ns-allinone-2.36.rc2/tcl8.5.17/unix/tclsh
configure:1617: checking whether to use symlinks for manpages
configure:1626: result: no
configure:1629: checking whether to compress the manpages
configure:1644: result: no
configure:1658: checking whether to add a package name suffix for the manpages
configure:1671: result: no
configure:1733: checking for gcc
configure:1749: found /usr/bin/gcc
configure:1759: result: gcc
configure:2003: checking for C compiler version
configure:2006: gcc --version </dev/null >&5
Apple clang version 13.1.6 (clang-1316.0.21.2.5)
Target: x86_64-apple-darwin21.6.0
Thread model: posix
InstalledDir: /Library/Developer/CommandLineTools/usr/bin
configure:2009: $? = 0
configure:2011: gcc -v </dev/null >&5
Apple clang version 13.1.6 (clang-1316.0.21.2.5)
Target: x86_64-apple-darwin21.6.0
Thread model: posix
InstalledDir: /Library/Developer/CommandLineTools/usr/bin
configure:2014: $? = 0
configure:2016: gcc -V </dev/null >&5
clang: error: argument to '-V' is missing (expected 1 value)
clang: error: no input files
configure:2019: $? = 1
configure:2042: checking for C compiler default output file name
configure:2045: gcc   -framework CoreFoundation conftest.c  >&5
configure:2048: $? = 0
configure:2094: result: a.out
configure:2099: checking whether the C compiler works
configure:2105: ./a.out
configure:2108: $? = 0
configure:2125: result: yes
configure:2132: checking whether we are cross compiling
configure:2134: result: no
configure:2137: checking for suffix of executables
configure:2139: gcc -o conftest   -framework CoreFoundation conftest.c  >&5
configure:2142: $? = 0
configure:2167: result: 
configure:2173: checking for suffix of object files
configure:2194: gcc -c   conftest.c >&5
configure:2197: $? = 0
configure:2219: result: o
configure:2223: checking whether we are using the GNU C compiler
configure:2247: gcc -c   conftest.c >&5
configure:2253: $? = 0
configure:2257: test -z 
			 || test ! -s conftest.err
configure:2260: $? = 0
configure:2263: test -s conftest.o
configure:2266: $? = 0
configure:2279: result: yes
configure:2285: checking whether gcc accepts -g
configure:2306: gcc -c -g  conftest.c >&5
configure:2312: $? = 0
configure:2316: test -z 
			 || test ! -s conftest.err
configure:2319: $? = 0
configure:2322: test -s conftest.o
configure:2325: $? = 0
configure:2336: result: yes
configure:2353: checking for gcc option to accept ANSI C
configure:2423: gcc  -c   conftest.c >&5
configure:2429: $? = 0
configure:2433: test -z 
			 || test ! -s conftest.err
configure:2436: $? = 0
configure:2439: test -s conftest.o
configure:2442: $? = 0
configure:2460: result: none needed
configure:2478: gcc -c   conftest.c >&5
conftest.c:2:3: error: unknown type name 'choke'
  choke me
  ^
conftest.c:2:11: error: expected ';' after top level declarator
  choke me
          ^
          ;
2 errors generated.
configure:2484: $? = 1
configure: failed program was:
| #ifndef __cplusplus
|   choke me
| #endif
configure:2626: checking how to run the C preprocessor
configure:2661: gcc -E  conftest.c
configure:2667: $? = 0
configure:2699: gcc -E  conftest.c
conftest.c:9:10: fatal error: 'ac_nonexistent.h' file not found
#include <ac_nonexistent.h>
         ^~~~~~~~~~~~~~~~~~
1 error generated.
configure:2705: $? = 1
configure: failed program was:
| /* confdefs.h.  */
| 
| #define PACKAGE_NAME "tk"
| #define PACKAGE_TARNAME "tk"
| #define PACKAGE_VERSION "8.5"
| #define PACKAGE_STRING "tk 8.5"
| #define PACKAGE_BUGREPORT ""
| /* end confdefs.h.  */
| #include <ac_nonexistent.h>
configure:2744: result: gcc -E
configure:2768: gcc -E  conftest.c
configure:2774: $? = 0
configure:2806: gcc -E  conftest.c
conftest.c:9:10: fatal error: 'ac_nonexistent.h' file not found
#include <ac_nonexistent.h>
         ^~~~~~~~~~~~~~~~~~
1 error generated.
configure:2812: $? = 1
configure: failed program was:
| /* confdefs.h.  */
| 
| #define PACKAGE_NAME "tk"
| #define PACKAGE_TARNAME "tk"
| #define PACKAGE_VERSION "8.5"
| #define PACKAGE_STRING "tk 8.5"
| #define PACKAGE_BUGREPORT ""
| /* end confdefs.h.  */
| #include <ac_nonexistent.h>
configure:2856: checking for egrep
configure:2866: result: grep -E
configure:2871: checking for ANSI C header files
configure:2896: gcc -c   conftest.c >&5
configure:2902: $? = 0
configure:2906: test -z 
			 || test ! -s conftest.err
configure:2909: $? = 0
configure:2912: test -s conftest.o
configure:2915: $? = 0
configure:3004: gcc -o conftest   -framework CoreFoundation conftest.c  >&5
conftest.c:26:7: error: implicitly declaring library function 'exit' with type 'void (int) __attribute__((noreturn))' [-Werror,-Wimplicit-function-declaration]
      exit(2);
      ^
conftest.c:26:7: note: include the header <stdlib.h> or explicitly provide a declaration for 'exit'
1 error generated.
configure:3007: $? = 1
configure: program exited with status 1
configure: failed program was:
| /* confdefs.h.  */
| 
| #define PACKAGE_NAME "tk"
| #define PACKAGE_TARNAME "tk"
| #define PACKAGE_VERSION "8.5"
| #define PACKAGE_STRING "tk 8.5"
| #define PACKAGE_BUGREPORT ""
| /* end confdefs.h.  */
| #include <ctype.h>
| #if ((' ' & 0x0FF) == 0x020)
| # define ISLOWER(c) ('a' <= (c) && (c) <= 'z')
| # define TOUPPER(c) (ISLOWER(c) ? 'A' + ((c) - 'a') : (c))
| #else
| # define ISLOWER(c) 		   (('a' <= (c) && (c) <= 'i') 		     || ('j' <= (c) && (c) <= 'r') 		     || ('s' <= (c) && (c) <= 'z'))
| # define TOUPPER(c) (ISLOWER(c) ? ((c) | 0x40) : (c))
| #endif
| 
| #define XOR(e, f) (((e) && !(f)) || (!(e) && (f)))
| int
| main ()
| {
|   int i;
|   for (i = 0; i < 256; i++)
|     if (XOR (islower (i), ISLOWER (i))
| 	|| toupper (i) != TOUPPER (i))
|       exit(2);
|   exit (0);
| }
configure:3027: result: no
configure:3051: checking for sys/types.h
configure:3067: gcc -c   conftest.c >&5
configure:3073: $? = 0
configure:3077: test -z 
			 || test ! -s conftest.err
configure:3080: $? = 0
configure:3083: test -s conftest.o
configure:3086: $? = 0
configure:3097: result: yes
configure:3051: checking for sys/stat.h
configure:3067: gcc -c   conftest.c >&5
configure:3073: $? = 0
configure:3077: test -z 
			 || test ! -s conftest.err
configure:3080: $? = 0
configure:3083: test -s conftest.o
configure:3086: $? = 0
configure:3097: result: yes
configure:3051: checking for stdlib.h
configure:3067: gcc -c   conftest.c >&5
configure:3073: $? = 0
configure:3077: test -z 
			 || test ! -s conftest.err
configure:3080: $? = 0
configure:3083: test -s conftest.o
configure:3086: $? = 0
configure:3097: result: yes
configure:3051: checking for string.h
configure:3067: gcc -c   conftest.c >&5
configure:3073: $? = 0
configure:3077: test -z 
			 || test ! -s conftest.err
configure:3080: $? = 0
configure:3083: test -s conftest.o
configure:3086: $? = 0
configure:3097: result: yes
configure:3051: checking for memory.h
configure:3067: gcc -c   conftest.c >&5
configure:3073: $? = 0
configure:3077: test -z 
			 || test ! -s conftest.err
configure:3080: $? = 0
configure:3083: test -s conftest.o
configure:3086: $? = 0
configure:3097: result: yes
configure:3051: checking for strings.h
configure:3067: gcc -c   conftest.c >&5
configure:3073: $? = 0
configure:3077: test -z 
			 || test ! -s conftest.err
configure:3080: $? = 0
configure:3083: test -s conftest.o
configure:3086: $? = 0
configure:3097: result: yes
configure:3051: checking for inttypes.h
configure:3067: gcc -c   conftest.c >&5
configure:3073: $? = 0
configure:3077: test -z 
			 || test ! -s conftest.err
configure:3080: $? = 0
configure:3083: test -s conftest.o
configure:3086: $? = 0
configure:3097: result: yes
configure:3051: checking for stdint.h
configure:3067: gcc -c   conftest.c >&5
configure:3073: $? = 0
configure:3077: test -z 
			 || test ! -s conftest.err
configure:3080: $? = 0
configure:3083: test -s conftest.o
configure:3086: $? = 0
configure:3097: result: yes
configure:3051: checking for unistd.h
configure:3067: gcc -c   conftest.c >&5
configure:3073: $? = 0
configure:3077: test -z 
			 || test ! -s conftest.err
configure:3080: $? = 0
configure:3083: test -s conftest.o
configure:3086: $? = 0
configure:3097: result: yes
configure:3119: checking limits.h usability
configure:3131: gcc -c   conftest.c >&5
configure:3137: $? = 0
configure:3141: test -z 
			 || test ! -s conftest.err
configure:3144: $? = 0
configure:3147: test -s conftest.o
configure:3150: $? = 0
configure:3160: result: yes
configure:3164: checking limits.h presence
configure:3174: gcc -E  conftest.c
configure:3180: $? = 0
configure:3200: result: yes
configure:3235: checking for limits.h
configure:3242: result: yes
configure:3268: checking for stdlib.h
configure:3273: result: yes
configure:3476: checking if the compiler understands -pipe
configure:3499: gcc -c  -pipe  conftest.c >&5
configure:3505: $? = 0
configure:3509: test -z 
			 || test ! -s conftest.err
configure:3512: $? = 0
configure:3515: test -s conftest.o
configure:3518: $? = 0
configure:3530: result: yes
configure:4450: checking for building with threads
configure:4466: result: no (default)
configure:4477: checking how to build libraries
configure:4499: result: static
configure:4557: checking for ranlib
configure:4573: found /usr/bin/ranlib
configure:4584: result: ranlib
configure:4600: checking if 64bit support is requested
configure:4609: result: no
configure:4614: checking if 64bit Sparc VIS support is requested
configure:4623: result: no
configure:4634: checking if compiler supports visibility "hidden"
configure:4659: gcc -o conftest  -pipe -Werror  -framework CoreFoundation conftest.c  >&5
configure:4665: $? = 0
configure:4669: test -z 
			 || test ! -s conftest.err
configure:4672: $? = 0
configure:4675: test -s conftest
configure:4678: $? = 0
configure:4691: result: yes
configure:4706: checking if rpath support is requested
configure:4715: result: yes
configure:4722: checking system version
configure:4750: result: Darwin-21.6.0
configure:4758: checking for dlopen in -ldl
configure:4788: gcc -o conftest  -pipe  -framework CoreFoundation conftest.c -ldl   >&5
configure:4794: $? = 0
configure:4798: test -z 
			 || test ! -s conftest.err
configure:4801: $? = 0
configure:4804: test -s conftest
configure:4807: $? = 0
configure:4820: result: yes
configure:4902: checking for ar
configure:4918: found /usr/bin/ar
configure:4928: result: ar
configure:6053: checking if ld accepts -single_module flag
configure:6077: gcc -o conftest -pipe    -framework CoreFoundation -dynamiclib -Wl,-single_module conftest.c  >&5
configure:6083: $? = 0
configure:6087: test -z 
			 || test ! -s conftest.err
configure:6090: $? = 0
configure:6093: test -s conftest
configure:6096: $? = 0
configure:6109: result: yes
configure:6128: checking if ld accepts -search_paths_first flag
configure:6152: gcc -o conftest -pipe    -framework CoreFoundation -prebind -headerpad_max_install_names -Wl,-search_paths_first conftest.c  >&5
ld: warning: option -prebind is obsolete and being ignored
configure:6158: $? = 0
configure:6162: test -z 
			 || test ! -s conftest.err
configure:6165: $? = 0
configure:6168: test -s conftest
configure:6171: $? = 0
configure:6184: result: yes
configure:6212: checking whether to use CoreFoundation
configure:6221: result: yes
configure:6225: checking for CoreFoundation.framework
configure:6260: gcc -o conftest -pipe    -framework CoreFoundation -prebind -headerpad_max_install_names -Wl,-search_paths_first conftest.c  -framework CoreFoundation >&5
ld: warning: option -prebind is obsolete and being ignored
configure:6266: $? = 0
configure:6270: test -z 
			 || test ! -s conftest.err
configure:6273: $? = 0
configure:6276: test -s conftest
configure:6279: $? = 0
configure:6299: result: yes
configure:7147: checking for cast to union support
configure:7171: gcc -c -pipe    conftest.c >&5
configure:7177: $? = 0
configure:7181: test -z 
			 || test ! -s conftest.err
configure:7184: $? = 0
configure:7187: test -s conftest.o
configure:7190: $? = 0
configure:7202: result: yes
configure:7254: checking for build with symbols
configure:7273: result: no
configure:7317: checking for required early compiler flags
configure:7340: gcc -c -pipe    conftest.c >&5
configure:7346: $? = 0
configure:7350: test -z 
			 || test ! -s conftest.err
configure:7353: $? = 0
configure:7356: test -s conftest.o
configure:7359: $? = 0
configure:7445: gcc -c -pipe    conftest.c >&5
conftest.c:31:28: warning: 'stat64' is deprecated: first deprecated in macOS 10.6 [-Wdeprecated-declarations]
struct stat64 buf; int i = stat64("/", &buf);
                           ^
/Library/Developer/CommandLineTools/SDKs/MacOSX.sdk/usr/include/sys/stat.h:427:9: note: 'stat64' has been explicitly marked deprecated here
int     stat64(const char *, struct stat64 *) __OSX_AVAILABLE_BUT_DEPRECATED(__MAC_10_5, __MAC_10_6, __IPHONE_NA, __IPHONE_NA);
        ^
1 warning generated.
configure:7451: $? = 0
configure:7455: test -z 
			 || test ! -s conftest.err
configure:7458: $? = 0
configure:7461: test -s conftest.o
configure:7464: $? = 0
configure:7550: gcc -c -pipe    conftest.c >&5
conftest.c:31:19: error: use of undeclared identifier 'open64'
char *p = (char *)open64;
                  ^
1 error generated.
configure:7556: $? = 1
configure: failed program was:
| /* confdefs.h.  */
| 
| #define PACKAGE_NAME "tk"
| #define PACKAGE_TARNAME "tk"
| #define PACKAGE_VERSION "8.5"
| #define PACKAGE_STRING "tk 8.5"
| #define PACKAGE_BUGREPORT ""
| #define HAVE_SYS_TYPES_H 1
| #define HAVE_SYS_STAT_H 1
| #define HAVE_STDLIB_H 1
| #define HAVE_STRING_H 1
| #define HAVE_MEMORY_H 1
| #define HAVE_STRINGS_H 1
| #define HAVE_INTTYPES_H 1
| #define HAVE_STDINT_H 1
| #define HAVE_UNISTD_H 1
| #define HAVE_LIMITS_H 1
| #define STATIC_BUILD 1
| #define MODULE_SCOPE extern __attribute__((__visibility__("hidden")))
| #define MAC_OSX_TCL 1
| #define HAVE_COREFOUNDATION 1
| #define HAVE_CAST_TO_UNION 1
| #define TCL_SHLIB_EXT ".dylib"
| #define NDEBUG 1
| #define TCL_CFG_OPTIMIZED 1
| /* end confdefs.h.  */
| #include <sys/stat.h>
| int
| main ()
| {
| char *p = (char *)open64;
|   ;
|   return 0;
| }
configure:7593: gcc -c -pipe    conftest.c >&5
conftest.c:32:19: error: use of undeclared identifier 'open64'
char *p = (char *)open64;
                  ^
1 error generated.
configure:7599: $? = 1
configure: failed program was:
| /* confdefs.h.  */
| 
| #define PACKAGE_NAME "tk"
| #define PACKAGE_TARNAME "tk"
| #define PACKAGE_VERSION "8.5"
| #define PACKAGE_STRING "tk 8.5"
| #define PACKAGE_BUGREPORT ""
| #define HAVE_SYS_TYPES_H 1
| #define HAVE_SYS_STAT_H 1
| #define HAVE_STDLIB_H 1
| #define HAVE_STRING_H 1
| #define HAVE_MEMORY_H 1
| #define HAVE_STRINGS_H 1
| #define HAVE_INTTYPES_H 1
| #define HAVE_STDINT_H 1
| #define HAVE_UNISTD_H 1
| #define HAVE_LIMITS_H 1
| #define STATIC_BUILD 1
| #define MODULE_SCOPE extern __attribute__((__visibility__("hidden")))
| #define MAC_OSX_TCL 1
| #define HAVE_COREFOUNDATION 1
| #define HAVE_CAST_TO_UNION 1
| #define TCL_SHLIB_EXT ".dylib"
| #define NDEBUG 1
| #define TCL_CFG_OPTIMIZED 1
| /* end confdefs.h.  */
| #define _LARGEFILE_SOURCE64 1
| #include <sys/stat.h>
| int
| main ()
| {
| char *p = (char *)open64;
|   ;
|   return 0;
| }
configure:7636: result: none
configure:7645: checking for 64-bit integer type
configure:7669: gcc -c -pipe    conftest.c >&5
conftest.c:31:1: error: use of undeclared identifier '__int64'
__int64 value = (__int64) 0;
^
1 error generated.
configure:7675: $? = 1
configure: failed program was:
| /* confdefs.h.  */
| 
| #define PACKAGE_NAME "tk"
| #define PACKAGE_TARNAME "tk"
| #define PACKAGE_VERSION "8.5"
| #define PACKAGE_STRING "tk 8.5"
| #define PACKAGE_BUGREPORT ""
| #define HAVE_SYS_TYPES_H 1
| #define HAVE_SYS_STAT_H 1
| #define HAVE_STDLIB_H 1
| #define HAVE_STRING_H 1
| #define HAVE_MEMORY_H 1
| #define HAVE_STRINGS_H 1
| #define HAVE_INTTYPES_H 1
| #define HAVE_STDINT_H 1
| #define HAVE_UNISTD_H 1
| #define HAVE_LIMITS_H 1
| #define STATIC_BUILD 1
| #define MODULE_SCOPE extern __attribute__((__visibility__("hidden")))
| #define MAC_OSX_TCL 1
| #define HAVE_COREFOUNDATION 1
| #define HAVE_CAST_TO_UNION 1
| #define TCL_SHLIB_EXT ".dylib"
| #define NDEBUG 1
| #define TCL_CFG_OPTIMIZED 1
| /* end confdefs.h.  */
| 
| int
| main ()
| {
| __int64 value = (__int64) 0;
|   ;
|   return 0;
| }
configure:7719: gcc -c -pipe    conftest.c >&5
conftest.c:32:26: error: duplicate case value '1'
            case 1: case (sizeof(long long)==sizeof(long)): ;
                         ^
conftest.c:32:18: note: previous case defined here
            case 1: case (sizeof(long long)==sizeof(long)): ;
                 ^
1 error generated.
configure:7725: $? = 1
configure: failed program was:
| /* confdefs.h.  */
| 
| #define PACKAGE_NAME "tk"
| #define PACKAGE_TARNAME "tk"
| #define PACKAGE_VERSION "8.5"
| #define PACKAGE_STRING "tk 8.5"
| #define PACKAGE_BUGREPORT ""
| #define HAVE_SYS_TYPES_H 1
| #define HAVE_SYS_STAT_H 1
| #define HAVE_STDLIB_H 1
| #define HAVE_STRING_H 1
| #define HAVE_MEMORY_H 1
| #define HAVE_STRINGS_H 1
| #define HAVE_INTTYPES_H 1
| #define HAVE_STDINT_H 1
| #define HAVE_UNISTD_H 1
| #define HAVE_LIMITS_H 1
| #define STATIC_BUILD 1
| #define MODULE_SCOPE extern __attribute__((__visibility__("hidden")))
| #define MAC_OSX_TCL 1
| #define HAVE_COREFOUNDATION 1
| #define HAVE_CAST_TO_UNION 1
| #define TCL_SHLIB_EXT ".dylib"
| #define NDEBUG 1
| #define TCL_CFG_OPTIMIZED 1
| /* end confdefs.h.  */
| 
| int
| main ()
| {
| switch (0) {
|             case 1: case (sizeof(long long)==sizeof(long)): ;
|         }
|   ;
|   return 0;
| }
configure:7755: result: using long
configure:8071: checking whether byte ordering is bigendian
configure:8098: gcc -c -pipe    conftest.c >&5
configure:8104: $? = 0
configure:8108: test -z 
			 || test ! -s conftest.err
configure:8111: $? = 0
configure:8114: test -s conftest.o
configure:8117: $? = 0
configure:8141: gcc -c -pipe    conftest.c >&5
conftest.c:35:2: error: use of undeclared identifier 'not'
 not big endian
 ^
1 error generated.
configure:8147: $? = 1
configure: failed program was:
| /* confdefs.h.  */
| 
| #define PACKAGE_NAME "tk"
| #define PACKAGE_TARNAME "tk"
| #define PACKAGE_VERSION "8.5"
| #define PACKAGE_STRING "tk 8.5"
| #define PACKAGE_BUGREPORT ""
| #define HAVE_SYS_TYPES_H 1
| #define HAVE_SYS_STAT_H 1
| #define HAVE_STDLIB_H 1
| #define HAVE_STRING_H 1
| #define HAVE_MEMORY_H 1
| #define HAVE_STRINGS_H 1
| #define HAVE_INTTYPES_H 1
| #define HAVE_STDINT_H 1
| #define HAVE_UNISTD_H 1
| #define HAVE_LIMITS_H 1
| #define STATIC_BUILD 1
| #define MODULE_SCOPE extern __attribute__((__visibility__("hidden")))
| #define MAC_OSX_TCL 1
| #define HAVE_COREFOUNDATION 1
| #define HAVE_CAST_TO_UNION 1
| #define TCL_SHLIB_EXT ".dylib"
| #define NDEBUG 1
| #define TCL_CFG_OPTIMIZED 1
| #define TCL_WIDE_INT_IS_LONG 1
| /* end confdefs.h.  */
| #include <sys/types.h>
| #include <sys/param.h>
| 
| int
| main ()
| {
| #if BYTE_ORDER != BIG_ENDIAN
|  not big endian
| #endif
| 
|   ;
|   return 0;
| }
configure:8282: result: no
configure:8332: checking for fd_set in sys/types
configure:8354: gcc -c -pipe    conftest.c >&5
configure:8360: $? = 0
configure:8364: test -z 
			 || test ! -s conftest.err
configure:8367: $? = 0
configure:8370: test -s conftest.o
configure:8373: $? = 0
configure:8384: result: yes
configure:8449: checking sys/time.h usability
configure:8461: gcc -c -pipe    conftest.c >&5
configure:8467: $? = 0
configure:8471: test -z 
			 || test ! -s conftest.err
configure:8474: $? = 0
configure:8477: test -s conftest.o
configure:8480: $? = 0
configure:8490: result: yes
configure:8494: checking sys/time.h presence
configure:8504: gcc -E   conftest.c
configure:8510: $? = 0
configure:8530: result: yes
configure:8565: checking for sys/time.h
configure:8572: result: yes
configure:8585: checking whether time.h and sys/time.h may both be included
configure:8610: gcc -c -pipe    conftest.c >&5
configure:8616: $? = 0
configure:8620: test -z 
			 || test ! -s conftest.err
configure:8623: $? = 0
configure:8626: test -s conftest.o
configure:8629: $? = 0
configure:8640: result: yes
configure:8659: checking for strtod
configure:8716: gcc -o conftest -pipe    -framework CoreFoundation -prebind -headerpad_max_install_names -Wl,-search_paths_first  conftest.c  -framework CoreFoundation >&5
conftest.c:54:6: warning: incompatible redeclaration of library function 'strtod' [-Wincompatible-library-redeclaration]
char strtod ();
     ^
conftest.c:54:6: note: 'strtod' is a builtin with type 'double (const char *, char **)'
1 warning generated.
ld: warning: option -prebind is obsolete and being ignored
configure:8722: $? = 0
configure:8726: test -z 
			 || test ! -s conftest.err
configure:8729: $? = 0
configure:8732: test -s conftest
configure:8735: $? = 0
configure:8747: result: yes
configure:8756: checking for Solaris2.4/Tru64 strtod bugs
configure:8793: gcc -o conftest -pipe    -framework CoreFoundation -prebind -headerpad_max_install_names -Wl,-search_paths_first  conftest.c  -framework CoreFoundation >&5
conftest.c:38:4: error: implicitly declaring library function 'exit' with type 'void (int) __attribute__((noreturn))' [-Werror,-Wimplicit-function-declaration]
                        exit(1);
                        ^
conftest.c:38:4: note: include the header <stdlib.h> or explicitly provide a declaration for 'exit'
1 error generated.
configure:8796: $? = 1
configure: program exited with status 1
configure: failed program was:
| /* confdefs.h.  */
| 
| #define PACKAGE_NAME "tk"
| #define PACKAGE_TARNAME "tk"
| #define PACKAGE_VERSION "8.5"
| #define PACKAGE_STRING "tk 8.5"
| #define PACKAGE_BUGREPORT ""
| #define HAVE_SYS_TYPES_H 1
| #define HAVE_SYS_STAT_H 1
| #define HAVE_STDLIB_H 1
| #define HAVE_STRING_H 1
| #define HAVE_MEMORY_H 1
| #define HAVE_STRINGS_H 1
| #define HAVE_INTTYPES_H 1
| #define HAVE_STDINT_H 1
| #define HAVE_UNISTD_H 1
| #define HAVE_LIMITS_H 1
| #define STATIC_BUILD 1
| #define MODULE_SCOPE extern __attribute__((__visibility__("hidden")))
| #define MAC_OSX_TCL 1
| #define HAVE_COREFOUNDATION 1
| #define HAVE_CAST_TO_UNION 1
| #define TCL_SHLIB_EXT ".dylib"
| #define NDEBUG 1
| #define TCL_CFG_OPTIMIZED 1
| #define TCL_WIDE_INT_IS_LONG 1
| #define HAVE_SYS_TIME_H 1
| #define TIME_WITH_SYS_TIME 1
| /* end confdefs.h.  */
| 
| 		extern double strtod();
| 		int main() {
| 		    char *infString="Inf", *nanString="NaN", *spaceString=" ";
| 		    char *term;
| 		    double value;
| 		    value = strtod(infString, &term);
| 		    if ((term != infString) && (term[-1] == 0)) {
| 			exit(1);
| 		    }
| 		    value = strtod(nanString, &term);
| 		    if ((term != nanString) && (term[-1] == 0)) {
| 			exit(1);
| 		    }
| 		    value = strtod(spaceString, &term);
| 		    if (term == (spaceString+1)) {
| 			exit(1);
| 		    }
| 		    exit(0);
| 		}
configure:8815: result: buggy
configure:8841: checking for mode_t
configure:8865: gcc -c -pipe    conftest.c >&5
configure:8871: $? = 0
configure:8875: test -z 
			 || test ! -s conftest.err
configure:8878: $? = 0
configure:8881: test -s conftest.o
configure:8884: $? = 0
configure:8895: result: yes
configure:8907: checking for pid_t
configure:8931: gcc -c -pipe    conftest.c >&5
configure:8937: $? = 0
configure:8941: test -z 
			 || test ! -s conftest.err
configure:8944: $? = 0
configure:8947: test -s conftest.o
configure:8950: $? = 0
configure:8961: result: yes
configure:8973: checking for size_t
configure:8997: gcc -c -pipe    conftest.c >&5
configure:9003: $? = 0
configure:9007: test -z 
			 || test ! -s conftest.err
configure:9010: $? = 0
configure:9013: test -s conftest.o
configure:9016: $? = 0
configure:9027: result: yes
configure:9039: checking for uid_t in sys/types.h
configure:9062: result: yes
configure:9078: checking for intptr_t
configure:9102: gcc -c -pipe    conftest.c >&5
configure:9108: $? = 0
configure:9112: test -z 
			 || test ! -s conftest.err
configure:9115: $? = 0
configure:9118: test -s conftest.o
configure:9121: $? = 0
configure:9132: result: yes
configure:9213: checking for uintptr_t
configure:9237: gcc -c -pipe    conftest.c >&5
configure:9243: $? = 0
configure:9247: test -z 
			 || test ! -s conftest.err
configure:9250: $? = 0
configure:9253: test -s conftest.o
configure:9256: $? = 0
configure:9267: result: yes
configure:9354: checking pw_gecos in struct pwd
configure:9376: gcc -c -pipe    conftest.c >&5
conftest.c:37:24: warning: expression result unused [-Wunused-value]
struct passwd pwd; pwd.pw_gecos;
                   ~~~ ^~~~~~~~
1 warning generated.
configure:9382: $? = 0
configure:9386: test -z 
			 || test ! -s conftest.err
configure:9389: $? = 0
configure:9392: test -s conftest.o
configure:9395: $? = 0
configure:9406: result: yes
configure:9421: checking whether to use Aqua
configure:9448: result: no
configure:9528: checking if ld accepts -weak-l flag
configure:9552: gcc -o conftest -pipe    -framework CoreFoundation -prebind -headerpad_max_install_names -Wl,-search_paths_first  -Wl,-weak-lm conftest.c  -framework CoreFoundation >&5
ld: warning: option -prebind is obsolete and being ignored
configure:9558: $? = 0
configure:9562: test -z 
			 || test ! -s conftest.err
configure:9565: $? = 0
configure:9568: test -s conftest
configure:9571: $? = 0
configure:9584: result: yes
configure:9601: checking AvailabilityMacros.h usability
configure:9613: gcc -c -pipe    conftest.c >&5
configure:9619: $? = 0
configure:9623: test -z 
			 || test ! -s conftest.err
configure:9626: $? = 0
configure:9629: test -s conftest.o
configure:9632: $? = 0
configure:9642: result: yes
configure:9646: checking AvailabilityMacros.h presence
configure:9656: gcc -E   conftest.c
configure:9662: $? = 0
configure:9682: result: yes
configure:9717: checking for AvailabilityMacros.h
configure:9724: result: yes
configure:9738: checking if weak import is available
configure:9770: gcc -o conftest -pipe  -Werror   -framework CoreFoundation -prebind -headerpad_max_install_names -Wl,-search_paths_first  conftest.c  -framework CoreFoundation >&5
ld: warning: option -prebind is obsolete and being ignored
configure:9776: $? = 0
configure:9780: test -z 
			 || test ! -s conftest.err
configure:9783: $? = 0
configure:9786: test -s conftest
configure:9789: $? = 0
configure:9802: result: yes
configure:9811: checking if Darwin SUSv3 extensions are available
configure:9844: gcc -c -pipe  -Werror   conftest.c >&5
configure:9850: $? = 0
configure:9854: test -z 
			 || test ! -s conftest.err
configure:9857: $? = 0
configure:9860: test -s conftest.o
configure:9863: $? = 0
configure:9875: result: yes
configure:9916: checking for X
configure:10146: result: libraries /opt/X11/lib, headers /opt/X11/include
configure:10396: checking for main in -lXbsd
configure:10420: gcc -o conftest -pipe    -framework CoreFoundation -prebind -headerpad_max_install_names -Wl,-search_paths_first  conftest.c -lXbsd   -framework CoreFoundation >&5
ld: warning: option -prebind is obsolete and being ignored
ld: library not found for -lXbsd
clang: error: linker command failed with exit code 1 (use -v to see invocation)
configure:10426: $? = 1
configure: failed program was:
| /* confdefs.h.  */
| 
| #define PACKAGE_NAME "tk"
| #define PACKAGE_TARNAME "tk"
| #define PACKAGE_VERSION "8.5"
| #define PACKAGE_STRING "tk 8.5"
| #define PACKAGE_BUGREPORT ""
| #define HAVE_SYS_TYPES_H 1
| #define HAVE_SYS_STAT_H 1
| #define HAVE_STDLIB_H 1
| #define HAVE_STRING_H 1
| #define HAVE_MEMORY_H 1
| #define HAVE_STRINGS_H 1
| #define HAVE_INTTYPES_H 1
| #define HAVE_STDINT_H 1
| #define HAVE_UNISTD_H 1
| #define HAVE_LIMITS_H 1
| #define STATIC_BUILD 1
| #define MODULE_SCOPE extern __attribute__((__visibility__("hidden")))
| #define MAC_OSX_TCL 1
| #define HAVE_COREFOUNDATION 1
| #define HAVE_CAST_TO_UNION 1
| #define TCL_SHLIB_EXT ".dylib"
| #define NDEBUG 1
| #define TCL_CFG_OPTIMIZED 1
| #define TCL_WIDE_INT_IS_LONG 1
| #define HAVE_SYS_TIME_H 1
| #define TIME_WITH_SYS_TIME 1
| #define strtod fixstrtod
| #define HAVE_INTPTR_T 1
| #define HAVE_UINTPTR_T 1
| #define HAVE_PW_GECOS 1
| #define HAVE_AVAILABILITYMACROS_H 1
| #define HAVE_WEAK_IMPORT 1
| #define _DARWIN_C_SOURCE 1
| /* end confdefs.h.  */
| 
| 
| int
| main ()
| {
| main ();
|   ;
|   return 0;
| }
configure:10452: result: no
configure:10543: checking whether to use xft
configure:10555: result: no
configure:10833: checking for X11/XKBlib.h
configure:10849: gcc -c -pipe  -I/opt/X11/include   conftest.c >&5
configure:10855: $? = 0
configure:10859: test -z 
			 || test ! -s conftest.err
configure:10862: $? = 0
configure:10865: test -s conftest.o
configure:10868: $? = 0
configure:10879: result: yes
configure:10893: checking for XkbKeycodeToKeysym in -lX11
configure:10923: gcc -o conftest -pipe  -I/opt/X11/include   -framework CoreFoundation -prebind -headerpad_max_install_names -Wl,-search_paths_first  conftest.c -lX11   -framework CoreFoundation -L/opt/X11/lib -lX11 >&5
ld: warning: option -prebind is obsolete and being ignored
configure:10929: $? = 0
configure:10933: test -z 
			 || test ! -s conftest.err
configure:10936: $? = 0
configure:10939: test -s conftest
configure:10942: $? = 0
configure:10955: result: yes
configure:10997: checking whether to try to use XScreenSaver
configure:11007: result: no
configure:11333: checking whether char is unsigned
configure:11356: gcc -c -pipe    conftest.c >&5
configure:11362: $? = 0
configure:11366: test -z 
			 || test ! -s conftest.err
configure:11369: $? = 0
configure:11372: test -s conftest.o
configure:11375: $? = 0
configure:11386: result: no
configure:11430: checking how to package libraries
configure:11460: result: static library
configure:11754: creating ./config.status

## ---------------------- ##
## Running config.status. ##
## ---------------------- ##

This file was extended by tk config.status 8.5, which was
generated by GNU Autoconf 2.59.  Invocation command line was

  CONFIG_FILES    = 
  CONFIG_HEADERS  = 
  CONFIG_LINKS    = 
  CONFIG_COMMANDS = 
  $ ./config.status 

on i105861073

config.status:738: creating Tk-Info.plist
config.status:738: creating Wish-Info.plist
config.status:738: creating Makefile
config.status:738: creating tkConfig.sh
config.status:738: creating tk.pc

## ---------------- ##
## Cache variables. ##
## ---------------- ##

ac_cv_c_bigendian=no
ac_cv_c_char_unsigned=no
ac_cv_c_compiler_gnu=yes
ac_cv_c_tclconfig=/Users/stepa-kos/Desktop/practice/ns-2/ns-allinone-2.36.rc2/tcl8.5.17/unix
ac_cv_env_CC_set=
ac_cv_env_CC_value=
ac_cv_env_CFLAGS_set=
ac_cv_env_CFLAGS_value=
ac_cv_env_CPPFLAGS_set=
ac_cv_env_CPPFLAGS_value=
ac_cv_env_CPP_set=
ac_cv_env_CPP_value=
ac_cv_env_LDFLAGS_set=set
ac_cv_env_LDFLAGS_value='-framework CoreFoundation'
ac_cv_env_build_alias_set=
ac_cv_env_build_alias_value=
ac_cv_env_host_alias_set=
ac_cv_env_host_alias_value=
ac_cv_env_target_alias_set=
ac_cv_env_target_alias_value=
ac_cv_exeext=
ac_cv_func_strtod=yes
ac_cv_have_x='have_x=yes 		ac_x_includes=/opt/X11/include ac_x_libraries=/opt/X11/lib'
ac_cv_header_AvailabilityMacros_h=yes
ac_cv_header_X11_XKBlib_h=yes
ac_cv_header_inttypes_h=yes
ac_cv_header_limits_h=yes
ac_cv_header_memory_h=yes
ac_cv_header_stdc=no
ac_cv_header_stdint_h=yes
ac_cv_header_stdlib_h=yes
ac_cv_header_string_h=yes
ac_cv_header_strings_h=yes
ac_cv_header_sys_stat_h=yes
ac_cv_header_sys_time_h=yes
ac_cv_header_sys_types_h=yes
ac_cv_header_time=yes
ac_cv_header_unistd_h=yes
ac_cv_lib_X11_XkbKeycodeToKeysym=yes
ac_cv_lib_Xbsd_main=no
ac_cv_lib_dl_dlopen=yes
ac_cv_objext=o
ac_cv_path_tclsh=/Users/stepa-kos/Desktop/practice/ns-2/ns-allinone-2.36.rc2/bin/tclsh8.5
ac_cv_prog_CPP='gcc -E'
ac_cv_prog_ac_ct_AR=ar
ac_cv_prog_ac_ct_CC=gcc
ac_cv_prog_ac_ct_RANLIB=ranlib
ac_cv_prog_cc_g=yes
ac_cv_prog_cc_stdc=
ac_cv_prog_egrep='grep -E'
ac_cv_type_intptr_t=yes
ac_cv_type_mode_t=yes
ac_cv_type_pid_t=yes
ac_cv_type_size_t=yes
ac_cv_type_uid_t=yes
ac_cv_type_uintptr_t=yes
tcl_cv_cast_to_union=yes
tcl_cv_cc_darwin_c_source=yes
tcl_cv_cc_pipe=yes
tcl_cv_cc_visibility_hidden=yes
tcl_cv_cc_weak_import=yes
tcl_cv_flag__isoc99_source=no
tcl_cv_flag__largefile64_source=no
tcl_cv_flag__largefile_source64=no
tcl_cv_ld_search_paths_first=yes
tcl_cv_ld_single_module=yes
tcl_cv_ld_weak_l=yes
tcl_cv_lib_corefoundation=yes
tcl_cv_pwd_pw_gecos=yes
tcl_cv_strtod_buggy=buggy
tcl_cv_sys_version=Darwin-21.6.0
tcl_cv_type_64bit=none
tcl_cv_type_fd_set=yes

## ----------------- ##
## Output variables. ##
## ----------------- ##

APP_RSRC_FILE=''
AR='ar'
BUILD_TCLSH='/Users/stepa-kos/Desktop/practice/ns-2/ns-allinone-2.36.rc2/tcl8.5.17/unix/tclsh'
CC='gcc'
CC_SEARCH_FLAGS=''
CFBUNDLELOCALIZATIONS='<string>cs</string><string>da</string><string>de</string><string>el</string><string>en</string><string>en_gb</string><string>eo</string><string>es</string><string>fr</string><string>hu</string><string>it</string><string>nl</string><string>pl</string><string>pt</string><string>ru</string><string>sv</string>'
CFLAGS='-pipe   '
CFLAGS_DEBUG='-g'
CFLAGS_DEFAULT='$(CFLAGS_OPTIMIZE)'
CFLAGS_OPTIMIZE='-Os'
CFLAGS_WARNING='-Wall'
CPP='gcc -E'
CPPFLAGS=''
DEFS='-DPACKAGE_NAME=\"tk\" -DPACKAGE_TARNAME=\"tk\" -DPACKAGE_VERSION=\"8.5\" -DPACKAGE_STRING=\"tk\ 8.5\" -DPACKAGE_BUGREPORT=\"\" -DHAVE_SYS_TYPES_H=1 -DHAVE_SYS_STAT_H=1 -DHAVE_STDLIB_H=1 -DHAVE_STRING_H=1 -DHAVE_MEMORY_H=1 -DHAVE_STRINGS_H=1 -DHAVE_INTTYPES_H=1 -DHAVE_STDINT_H=1 -DHAVE_UNISTD_H=1 -DHAVE_LIMITS_H=1 -DSTATIC_BUILD=1 -DMODULE_SCOPE=extern\ __attribute__\(\(__visibility__\(\"hidden\"\)\)\) -DMAC_OSX_TCL=1 -DHAVE_COREFOUNDATION=1 -DHAVE_CAST_TO_UNION=1 -DTCL_SHLIB_EXT=\".dylib\" -DNDEBUG=1 -DTCL_CFG_OPTIMIZED=1 -DTCL_WIDE_INT_IS_LONG=1 -DHAVE_SYS_TIME_H=1 -DTIME_WITH_SYS_TIME=1 -Dstrtod=fixstrtod -DHAVE_INTPTR_T=1 -DHAVE_UINTPTR_T=1 -DHAVE_PW_GECOS=1 -DHAVE_AVAILABILITYMACROS_H=1 -DHAVE_WEAK_IMPORT=1 -D_DARWIN_C_SOURCE=1 -DHAVE_XKBKEYCODETOKEYSYM=1 '
DLL_INSTALL_DIR='$(LIB_INSTALL_DIR)'
DL_LIBS=''
DL_OBJS='tclLoadDyld.o'
ECHO_C='ECHO_N=''
ECHO_T=''
EGREP='grep -E'
EXEEXT=''
EXTRA_APP_CC_SWITCHES=' -mdynamic-no-pic'
EXTRA_BUILD_HTML=''
EXTRA_CC_SWITCHES=''
EXTRA_INSTALL=''
EXTRA_INSTALL_BINARIES=''
EXTRA_WISH_LIBS='-sectcreate __TEXT __info_plist Wish-Info.plist'
HTML_DIR='$(DISTDIR)/html'
INSTALL_LIB='$(INSTALL_LIBRARY) $(LIB_FILE) "$(LIB_INSTALL_DIR)/$(LIB_FILE)" ; (cd "$(LIB_INSTALL_DIR)" ; $(RANLIB) $(LIB_FILE))'
INSTALL_STUB_LIB='$(INSTALL_LIBRARY) $(STUB_LIB_FILE) "$(LIB_INSTALL_DIR)/$(STUB_LIB_FILE)" ; (cd "$(LIB_INSTALL_DIR)" ; $(RANLIB) $(STUB_LIB_FILE))'
LDAIX_SRC=''
LDFLAGS='-framework CoreFoundation -prebind -headerpad_max_install_names -Wl,-search_paths_first '
LDFLAGS_DEBUG=''
LDFLAGS_DEFAULT='$(LDFLAGS_OPTIMIZE)'
LDFLAGS_OPTIMIZE=''
LD_LIBRARY_PATH_VAR='DYLD_LIBRARY_PATH'
LD_SEARCH_FLAGS=''
LIBOBJS=' fixstrtod$U.o'
LIBS=' -framework CoreFoundation'
LIB_RSRC_FILE=''
LIB_RUNTIME_DIR='${LIB_RUNTIME_DIR}:/opt/X11/lib'
LOCALES='cs da de el en en_gb eo es fr hu it nl pl pt ru sv'
LTLIBOBJS=' fixstrtod$U.lo'
MAKE_LIB='${STLIB_LD} $@ ${OBJS} ; ${RANLIB} $@'
MAKE_STUB_LIB='${STLIB_LD} $@ ${STUB_LIB_OBJS} ; ${RANLIB} $@'
MAN_FLAGS=''
OBJEXT='o'
PACKAGE_BUGREPORT=''
PACKAGE_NAME='tk'
PACKAGE_STRING='tk 8.5'
PACKAGE_TARNAME='tk'
PACKAGE_VERSION='8.5'
PATH_SEPARATOR=':'
PLAT_OBJS='${MAC_OSX_OBJS}'
PLAT_SRCS='${MAC_OSX_SRCS}'
PRIVATE_INCLUDE_DIR='$(includedir)'
RANLIB='ranlib'
REZ=''
REZ_FLAGS=''
SHELL='/bin/sh'
SHLIB_CFLAGS='-fno-common'
SHLIB_LD='${CC} -dynamiclib ${CFLAGS} ${LDFLAGS} -Wl,-single_module'
SHLIB_LD_LIBS='${LIBS}'
SHLIB_SUFFIX='.dylib'
STLIB_LD='${AR} cr'
TCLSH_PROG='/Users/stepa-kos/Desktop/practice/ns-2/ns-allinone-2.36.rc2/bin/tclsh8.5'
TCL_BIN_DIR='/Users/stepa-kos/Desktop/practice/ns-2/ns-allinone-2.36.rc2/tcl8.5.17/unix'
TCL_LIBS='  -framework CoreFoundation '
TCL_LIB_FILE='libtcl8.5.a'
TCL_LIB_FLAG='-ltcl8.5'
TCL_LIB_SPEC='-L/Users/stepa-kos/Desktop/practice/ns-2/ns-allinone-2.36.rc2/tcl8.5.17/unix -ltcl8.5'
TCL_PATCH_LEVEL='.17'
TCL_SHLIB_LD_EXTRAS=''
TCL_SRC_DIR='/Users/stepa-kos/Desktop/practice/ns-2/ns-allinone-2.36.rc2/tcl8.5.17'
TCL_STUB_FLAGS=''
TCL_STUB_LIB_FILE='libtclstub8.5.a'
TCL_STUB_LIB_FLAG='-ltclstub8.5'
TCL_STUB_LIB_SPEC='-L/Users/stepa-kos/Desktop/practice/ns-2/ns-allinone-2.36.rc2/tcl8.5.17/unix -ltclstub8.5'
TCL_THREADS='0'
TCL_VERSION='8.5'
TK_BUILD_LIB_SPEC='-L/Users/stepa-kos/Desktop/practice/ns-2/ns-allinone-2.36.rc2/tk8.5.17/unix -ltk8.5'
TK_BUILD_STUB_LIB_PATH='/Users/stepa-kos/Desktop/practice/ns-2/ns-allinone-2.36.rc2/tk8.5.17/unix/libtkstub8.5.a'
TK_BUILD_STUB_LIB_SPEC='-L/Users/stepa-kos/Desktop/practice/ns-2/ns-allinone-2.36.rc2/tk8.5.17/unix -ltkstub8.5'
TK_INCLUDE_SPEC='-I/Users/stepa-kos/Desktop/practice/ns-2/ns-allinone-2.36.rc2/include'
TK_LIBRARY='$(prefix)/lib/tk$(VERSION)'
TK_LIB_FILE='libtk8.5.a'
TK_LIB_FLAG='-ltk8.5'
TK_LIB_SPEC='-L/Users/stepa-kos/Desktop/practice/ns-2/ns-allinone-2.36.rc2/lib -ltk8.5'
TK_MAJOR_VERSION='8'
TK_MINOR_VERSION='5'
TK_PATCH_LEVEL='.17'
TK_PKG_DIR='tk$(VERSION)'
TK_RSRC_FILE='tk$(VERSION).rsrc'
TK_SHARED_BUILD='0'
TK_SHLIB_LD_EXTRAS='-compatibility_version 8.5 -current_version 8.5.17 -install_name "${DYLIB_INSTALL_DIR}/${TK_LIB_FILE}" -unexported_symbols_list $$(f=$(TK_LIB_FILE).E && nm -gp tkMacOSX*.o 2>/dev/null | awk "/^[0-9a-f]+ . \.objc/ {print \$$3}" > $$f && nm -gjp "$(TCL_BIN_DIR)"/$(TCL_STUB_LIB_FILE) | grep ^_[^_] >> $$f && echo $$f) -seg1addr 0xb000000 -sectcreate __TEXT __info_plist Tk-Info.plist'
TK_SRC_DIR='/Users/stepa-kos/Desktop/practice/ns-2/ns-allinone-2.36.rc2/tk8.5.17'
TK_STUB_LIB_FILE='libtkstub8.5.a'
TK_STUB_LIB_FLAG='-ltkstub8.5'
TK_STUB_LIB_PATH='/Users/stepa-kos/Desktop/practice/ns-2/ns-allinone-2.36.rc2/lib/libtkstub8.5.a'
TK_STUB_LIB_SPEC='-L/Users/stepa-kos/Desktop/practice/ns-2/ns-allinone-2.36.rc2/lib -ltkstub8.5'
TK_VERSION='8.5'
TK_WINDOWINGSYSTEM='X11'
TK_YEAR='2023'
UNIX_FONT_OBJS='tkUnixFont.o'
WISH_RSRC_FILE='wish$(VERSION).rsrc'
XFT_CFLAGS=''
XFT_LIBS=''
XINCLUDES='-I/opt/X11/include'
XLIBSW='-L/opt/X11/lib -lX11'
ac_ct_AR='ar'
ac_ct_CC='gcc'
ac_ct_RANLIB='ranlib'
bindir='${exec_prefix}/bin'
build_alias=''
datadir='${prefix}/share'
exec_prefix='/Users/stepa-kos/Desktop/practice/ns-2/ns-allinone-2.36.rc2'
host_alias=''
includedir='${prefix}/include'
infodir='${prefix}/info'
libdir='/Users/stepa-kos/Desktop/practice/ns-2/ns-allinone-2.36.rc2/lib'
libexecdir='${exec_prefix}/libexec'
localstatedir='${prefix}/var'
mandir='${prefix}/man'
oldincludedir='/usr/include'
prefix='/Users/stepa-kos/Desktop/practice/ns-2/ns-allinone-2.36.rc2'
program_transform_name='s,x,x,'
sbindir='${exec_prefix}/sbin'
sharedstatedir='${prefix}/com'
sysconfdir='${prefix}/etc'
target_alias=''

## ----------- ##
## confdefs.h. ##
## ----------- ##

#define HAVE_AVAILABILITYMACROS_H 1
#define HAVE_CAST_TO_UNION 1
#define HAVE_COREFOUNDATION 1
#define HAVE_INTPTR_T 1
#define HAVE_INTTYPES_H 1
#define HAVE_LIMITS_H 1
#define HAVE_MEMORY_H 1
#define HAVE_PW_GECOS 1
#define HAVE_STDINT_H 1
#define HAVE_STDLIB_H 1
#define HAVE_STRINGS_H 1
#define HAVE_STRING_H 1
#define HAVE_SYS_STAT_H 1
#define HAVE_SYS_TIME_H 1
#define HAVE_SYS_TYPES_H 1
#define HAVE_UINTPTR_T 1
#define HAVE_UNISTD_H 1
#define HAVE_WEAK_IMPORT 1
#define HAVE_XKBKEYCODETOKEYSYM 1
#define MAC_OSX_TCL 1
#define MODULE_SCOPE extern __attribute__((__visibility__("hidden")))
#define NDEBUG 1
#define PACKAGE_BUGREPORT ""
#define PACKAGE_NAME "tk"
#define PACKAGE_STRING "tk 8.5"
#define PACKAGE_TARNAME "tk"
#define PACKAGE_VERSION "8.5"
#define STATIC_BUILD 1
#define TCL_CFG_OPTIMIZED 1
#define TCL_SHLIB_EXT ".dylib"
#define TCL_WIDE_INT_IS_LONG 1
#define TIME_WITH_SYS_TIME 1
#define _DARWIN_C_SOURCE 1
#define strtod fixstrtod

configure: exit 0
